<?xml version="1.0" encoding="UTF-8"?>
<beans:beans xmlns="http://www.springframework.org/schema/mvc"
             xmlns:xsi="http://www.w3.org/2001/XMLSchema-instance"
             xmlns:beans="http://www.springframework.org/schema/beans"
             xsi:schemaLocation="http://www.springframework.org/schema/beans http://www.springframework.org/schema/beans/spring-beans-3.1.xsd
                http://www.springframework.org/schema/mvc http://www.springframework.org/schema/mvc/spring-mvc-3.1.xsd">

    <beans:bean id="storageServiceFactory" class="org.springframework.beans.factory.config.ServiceLocatorFactoryBean">
        <beans:property name="serviceLocatorInterface" value="com.sparc.knappsack.components.services.StorageServiceFactory"/>
        <beans:property name="serviceMappings">
            <beans:props>
                <beans:prop key="LOCAL">
                    localStorageService
                </beans:prop>
            </beans:props>
        </beans:property>
    </beans:bean>

    <beans:bean id="domainEntityServiceFactory" class="org.springframework.beans.factory.config.ServiceLocatorFactoryBean">
        <beans:property name="serviceLocatorInterface" value="com.sparc.knappsack.components.services.DomainEntityServiceFactory"/>
        <beans:property name="serviceMappings">
            <beans:props>
                <beans:prop key="ORGANIZATION">
                    organizationService
                </beans:prop>
                <beans:prop key="GROUP">
                    groupService
                </beans:prop>
            </beans:props>
        </beans:property>
    </beans:bean>

    <beans:bean id="eventDeliveryFactory" class="org.springframework.beans.factory.config.ServiceLocatorFactoryBean">
        <beans:property name="serviceLocatorInterface" value="com.sparc.knappsack.components.events.EventDeliveryFactory"/>
        <beans:property name="serviceMappings">
            <beans:props>
                <beans:prop key="USER_INVITE">
                    userInviteEvent
                </beans:prop>
                <beans:prop key="USER_ACCOUNT_ACTIVATION">
                    userActivationEvent
                </beans:prop>
                <beans:prop key="DOMAIN_USER_ACCESS_REQUEST">
                    domainUserAccessRequestEvent
                </beans:prop>
                <beans:prop key="DOMAIN_USER_ACCESS_REQUEST_CONFIRMATION">
                    domainUserAccessRequestConfirmationEvent
                </beans:prop>
                <beans:prop key="APPLICATION_VERSION_PUBLISH_REQUEST">
                    applicationVersionPublishRequestEvent
                </beans:prop>
            </beans:props>
        </beans:property>
    </beans:bean>

    <beans:bean id="eventDeliveryWithCompositeFactory" class="org.springframework.beans.factory.config.ServiceLocatorFactoryBean">
        <beans:property name="serviceLocatorInterface" value="com.sparc.knappsack.components.events.EventDeliveryWithCompositeFactory"/>
        <beans:property name="serviceMappings">
            <beans:props>
                <beans:prop key="USER_PASSWORD_RESET">
                    userPasswordResetEvent
                </beans:prop>
                <beans:prop key="ORGANIZATION_REGISTRATION">
                    organizationRegistrationEvent
                </beans:prop>
            </beans:props>
        </beans:property>
    </beans:bean>

</beans:beans>