<?xml version="1.0" encoding="UTF-8"?>
<beans:beans xmlns="http://www.springframework.org/schema/mvc"
             xmlns:xsi="http://www.w3.org/2001/XMLSchema-instance"
             xmlns:beans="http://www.springframework.org/schema/beans"
             xmlns:tx="http://www.springframework.org/schema/tx"
             xmlns:p="http://www.springframework.org/schema/p"
             xmlns:util="http://www.springframework.org/schema/util"
             xmlns:context="http://www.springframework.org/schema/context"
             xsi:schemaLocation="http://www.springframework.org/schema/mvc http://www.springframework.org/schema/mvc/spring-mvc-3.1.xsd
                http://www.springframework.org/schema/beans http://www.springframework.org/schema/beans/spring-beans-3.1.xsd
                http://www.springframework.org/schema/tx http://www.springframework.org/schema/tx/spring-tx-3.1.xsd
                http://www.springframework.org/schema/util http://www.springframework.org/schema/util/spring-util-3.1.xsd   http://www.springframework.org/schema/context http://www.springframework.org/schema/context/spring-context-3.1.xsd">

    <context:component-scan use-default-filters="false" base-package="com.sparc.knappsack.components">
        <context:include-filter type="assignable"
                                expression="com.sparc.knappsack.components.entities.StorageConfiguration"/>
    </context:component-scan>
    <context:component-scan base-package="com.sparc.knappsack.components.dao"/>

    <context:property-placeholder location="classpath:properties/test-jdbc.properties" ignore-unresolvable="true"/>

    <beans:bean id="entityManagerFactory" class="org.springframework.orm.jpa.LocalContainerEntityManagerFactoryBean"
                p:packagesToScan="com.sparc.knappsack.components.entities"
                p:jpaDialect-ref="jpaDialect"
                p:dataSource-ref="dataSource"
                p:jpaVendorAdapter-ref="jpaVendorAdapter"
                p:persistenceUnitName="ComposerJPA"
                p:jpaPropertyMap-ref="jpaPropertyMap"/>

    <util:map id="jpaPropertyMap">
        <beans:entry key="eclipselink.ddl-generation" value="create-tables"/>
        <beans:entry key="eclipselink.ddl-generation.output-mode" value="both"/>
        <beans:entry key="eclipselink.weaving" value="false"/>
        <beans:entry key="eclipselink.logging.level" value="FINEST"/>
    </util:map>

    <beans:bean id="jpaVendorAdapter" class="org.springframework.orm.jpa.vendor.EclipseLinkJpaVendorAdapter"
                p:showSql="false"/>

    <beans:bean id="jpaDialect" class="org.springframework.orm.jpa.vendor.EclipseLinkJpaDialect"/>


    <!-- Declare a datasource that has pooling capabilities-->
    <beans:bean id="dataSource" class="com.mchange.v2.c3p0.ComboPooledDataSource"
                destroy-method="close"
                p:driverClass="${test.jdbc.driverClassName}"
                p:jdbcUrl="${test.jdbc.url}"
                p:user="${test.jdbc.username}"
                p:password="${test.jdbc.password}"
                p:acquireIncrement="5"
                p:idleConnectionTestPeriod="60"
                p:maxPoolSize="10"
                p:maxStatements="10"
                p:minPoolSize="5"/>



    <beans:bean id="txManager" class="org.springframework.orm.jpa.JpaTransactionManager">
        <beans:property name="dataSource" ref="dataSource"/>
        <beans:property name="entityManagerFactory" ref="entityManagerFactory"/>
        <beans:property name="jpaDialect" ref="jpaDialect"/>
    </beans:bean>

    <tx:annotation-driven transaction-manager="txManager" proxy-target-class="true"/>


</beans:beans>