<?xml version="1.0" encoding="UTF-8"?>
<beans:beans xmlns="http://www.springframework.org/schema/mvc"
             xmlns:xsi="http://www.w3.org/2001/XMLSchema-instance"
             xmlns:beans="http://www.springframework.org/schema/beans"
             xsi:schemaLocation="http://www.springframework.org/schema/beans http://www.springframework.org/schema/beans/spring-beans-3.1.xsd

                http://www.springframework.org/schema/mvc http://www.springframework.org/schema/mvc/spring-mvc-3.1.xsd">

    <!--<context:component-scan use-default-filters="true" base-package="com.sparc.knappsacksack.components.com.sparc.knappsack.components.validators"/>-->

    <beans:import resource="test-jpa-context.xml"/>
    <beans:import resource="test-security-context.xml"/>
    <beans:import resource="test-services-context.xml"/>
    <beans:import resource="test-mail-context.xml"/>
    <beans:import resource="test-thymeleaf-context.xml"/>
    <beans:import resource="test-factory-context.xml"/>
    <beans:import resource="test-events-context.xml"/>

</beans:beans>
