<beans:beans xmlns="http://www.springframework.org/schema/security"
             xmlns:beans="http://www.springframework.org/schema/beans"
             xmlns:xsi="http://www.w3.org/2001/XMLSchema-instance"
             xmlns:context="http://www.springframework.org/schema/context"
             xsi:schemaLocation="http://www.springframework.org/schema/beans http://www.springframework.org/schema/beans/spring-beans-3.1.xsd
                http://www.springframework.org/schema/security http://www.springframework.org/schema/security/spring-security-3.1.xsd
                http://www.springframework.org/schema/context http://www.springframework.org/schema/context/spring-context-3.1.xsd">

    <context:component-scan use-default-filters="true" base-package="com.sparc.knappsack.security"/>

    <context:property-placeholder location="classpath:properties/test-security.properties" ignore-unresolvable="true"/>

    <beans:bean id="saltSource" class="org.springframework.security.authentication.dao.ReflectionSaltSource">
        <beans:property name="userPropertyToUse" value="username"/>
    </beans:bean>

    <beans:bean id="passwordEncoder" class="org.springframework.security.authentication.encoding.ShaPasswordEncoder">
        <beans:constructor-arg value="256"/>
        <beans:property name="encodeHashAsBase64" value="true"/>
    </beans:bean>

</beans:beans>
